<?xml version="1.0" encoding="UTF-8"?>
<testsuite name="com.example.project.CalculatorTest" tests="10" skipped="0" failures="0" errors="0" timestamp="2024-09-25T16:17:18" hostname="codespaces-14f445" time="0.223">
  <properties/>
  <testcase name="testDivisibleByFalse()" classname="com.example.project.CalculatorTest" time="0.063"/>
  <testcase name="testInfo()" classname="com.example.project.CalculatorTest" time="0.071"/>
  <testcase name="testDivisibleByTrue()" classname="com.example.project.CalculatorTest" time="0.003"/>
  <testcase name="testCoordinatePair()" classname="com.example.project.CalculatorTest" time="0.025"/>
  <testcase name="testPerformOperationMultiplication()" classname="com.example.project.CalculatorTest" time="0.006"/>
  <testcase name="testPerformOperationNone()" classname="com.example.project.CalculatorTest" time="0.005"/>
  <testcase name="testPerformOperationAddition()" classname="com.example.project.CalculatorTest" time="0.002"/>
  <testcase name="testPerformOperationSubtraction()" classname="com.example.project.CalculatorTest" time="0.001"/>
  <testcase name="testAbsoluteValue()" classname="com.example.project.CalculatorTest" time="0.004"/>
  <testcase name="testPerformOperationDivision()" classname="com.example.project.CalculatorTest" time="0.001"/>
  <system-out><![CDATA[]]></system-out>
  <system-err><![CDATA[]]></system-err>
</testsuite>
